==================== 2025-12-26T03:58:48.331606Z | 093a6595-69fd-4445-8fd0-161cfb328d00 ====================
03:58:48.331861 [info ]: Starting dbt LSP server
03:58:48.331969 [info ]: Connecting to LSP client on port 8000
03:58:48.332158 [info ]: Successfully connected to LSP client
03:58:48.332165 [info ]: Creating LSP service...
03:58:48.366492 [info ]: Creating LSP server...
03:58:48.366505 [info ]: Starting LSP server...
03:58:48.377369 [info ]: Started loading project
03:58:48.378409 [info ]: Finished loading project [  0.00s]
04:41:41.845041 [info ]: Started loading project
04:41:41.846081 [info ]: Finished loading project [  0.00s]
04:44:07.998834 [info ]: Started loading project
04:44:08.003947 [info ]: Finished loading project [  0.01s]
05:07:28.302260 [info ]: Started loading project
05:07:28.303091 [info ]: Finished loading project [  0.00s]
05:21:04.567519 [info ]: Started loading project
05:21:04.568416 [info ]: Finished loading project [  0.00s]
05:22:24.893643 [info ]: Started loading project
05:22:24.894605 [info ]: Finished loading project [  0.00s]
05:22:40.163795 [info ]: Started loading project
05:22:40.164962 [info ]: Finished loading project [  0.00s]
07:24:12.295605 [info ]: Started loading project
07:24:12.296355 [info ]: Finished loading project [  0.00s]
07:24:27.197258 [info ]: Started loading project
07:24:27.198083 [info ]: Finished loading project [  0.00s]
